03-03-2021 11:26:32 {INFO} [com.revature.rkiesling.main.BankApp] - Connected to bank RDBMS
03-03-2021 11:26:38 {ERROR} [com.revature.rkiesling.bankmodel.dao.UserDAO] - Bad SQL query: select * from bank_app.users where username = 'anne'
03-03-2021 11:26:47 {ERROR} [com.revature.rkiesling.bankmodel.dao.UserDAO] - Bad SQL query: select * from bank_app.users where username = 'admin'
03-03-2021 11:26:52 {ERROR} [com.revature.rkiesling.bankmodel.dao.UserDAO] - Bad SQL query: select * from bank_app.users where username = 'admin'
03-03-2021 11:27:06 {INFO} [com.revature.rkiesling.main.BankApp] - Connected to bank RDBMS
03-03-2021 11:27:10 {ERROR} [com.revature.rkiesling.bankmodel.dao.UserDAO] - Bad SQL query: select * from bank_app.users where username = 'admin'
03-03-2021 11:27:15 {ERROR} [com.revature.rkiesling.bankmodel.dao.UserDAO] - Bad SQL query: select * from bank_app.users where username = 'admin'
03-03-2021 11:27:47 {INFO} [com.revature.rkiesling.main.BankApp] - Connected to bank RDBMS
03-03-2021 11:27:53 {ERROR} [com.revature.rkiesling.bankmodel.dao.UserDAO] - Bad SQL query: select * from bank_app.users where username = 'admin'
03-03-2021 11:27:56 {ERROR} [com.revature.rkiesling.bankmodel.dao.UserDAO] - Bad SQL query: select * from bank_app.users where username = 'admin'
03-03-2021 11:28:20 {INFO} [com.revature.rkiesling.main.BankApp] - Connected to bank RDBMS
03-03-2021 11:28:24 {ERROR} [com.revature.rkiesling.bankmodel.dao.UserDAO] - Bad SQL query: select * from bank_app.users where username = 'admin'
03-03-2021 11:29:47 {INFO} [com.revature.rkiesling.main.BankApp] - Connected to bank RDBMS
03-03-2021 11:29:48 {INFO} [com.revature.rkiesling.main.BankApp] - Connected to bank RDBMS
03-03-2021 11:29:48 {INFO} [com.revature.rkiesling.main.BankApp] - Connected to bank RDBMS
03-03-2021 11:30:02 {ERROR} [com.revature.rkiesling.bankmodel.dao.UserDAO] - Bad SQL query: select * from bank_app.users where username = 'admin'
03-03-2021 11:30:35 {INFO} [com.revature.rkiesling.main.BankApp] - Connected to bank RDBMS
03-03-2021 11:30:42 {ERROR} [com.revature.rkiesling.bankmodel.dao.UserDAO] - Bad SQL query: select * from bank_app.users where username = 'adddd'
03-03-2021 11:30:49 {INFO} [com.revature.rkiesling.main.BankApp] - Connected to bank RDBMS
03-03-2021 11:36:17 {INFO} [com.revature.rkiesling.main.BankApp] - Connected to bank RDBMS
03-03-2021 11:36:17 {INFO} [com.revature.rkiesling.util.BankDBUtil] - Schema, "bank_app," not found - creating...
03-03-2021 11:36:17 {INFO} [com.revature.rkiesling.util.BankDBUtil] - Success.
03-03-2021 11:36:17 {INFO} [com.revature.rkiesling.util.BankDBUtil] - makeBankTables: removed old bank_app.users.
03-03-2021 11:36:19 {INFO} [com.revature.rkiesling.util.BankDBUtil] - makeBankTables: created bank_app.user table.
03-03-2021 11:36:19 {INFO} [com.revature.rkiesling.util.BankDBUtil] - makeBankTables: removed old bank_app.transactions.
03-03-2021 11:36:19 {INFO} [com.revature.rkiesling.util.BankDBUtil] - makeBankTables: created bank_app.transactions table.
03-03-2021 11:36:19 {INFO} [com.revature.rkiesling.util.BankDBUtil] - makeBankTables: removed old bank_app.balances.
03-03-2021 11:36:19 {INFO} [com.revature.rkiesling.util.BankDBUtil] - makeBankTables: created bank_app.balances table.
03-03-2021 11:36:19 {INFO} [com.revature.rkiesling.util.BankDBUtil] - Admin user created.
03-03-2021 11:36:19 {INFO} [com.revature.rkiesling.util.BankDBUtil] - Create admin user.
03-03-2021 11:36:26 {INFO} [com.revature.rkiesling.bankmodel.dao.UserDAO] - User admin: Login successful.
03-03-2021 11:36:30 {INFO} [com.revature.rkiesling.util.BankDBUtil] - Creating test user data...
03-03-2021 11:36:30 {INFO} [com.revature.rkiesling.util.BankDBUtil] -  - Adding test user marion.
03-03-2021 11:36:30 {INFO} [com.revature.rkiesling.util.BankDBUtil] -  - Adding test user declan.
03-03-2021 11:36:30 {INFO} [com.revature.rkiesling.util.BankDBUtil] -  - Adding test user amy.
03-03-2021 11:36:30 {INFO} [com.revature.rkiesling.util.BankDBUtil] -  - Adding test user anne.
03-03-2021 11:36:30 {INFO} [com.revature.rkiesling.util.BankDBUtil] - Success.
03-03-2021 11:42:03 {INFO} [com.revature.rkiesling.main.BankApp] - Connected to bank RDBMS
03-03-2021 11:42:11 {INFO} [com.revature.rkiesling.bankmodel.dao.UserDAO] - User anne: Login successful.
03-03-2021 11:43:25 {INFO} [com.revature.rkiesling.bankmodel.dao.UserDAO] - update bank_app.users set authlevel = 2 where username = 'amy'
03-03-2021 11:43:25 {INFO} [com.revature.rkiesling.bankmodel.dao.PostDAO] - PostDAO : postApprovedAppl : testFirstName testLastName (username amy) had their account authorized.
03-03-2021 11:43:46 {INFO} [com.revature.rkiesling.bankmodel.dao.UserDAO] - getLoginInfo: Login info for, "marian," not found.
03-03-2021 11:43:46 {ERROR} [com.revature.rkiesling.bankmodel.dao.UserDAO] - Employee.employeeMenu (option 2) : getLoginInfo: Login info for, "marian," not found.
03-03-2021 11:45:34 {INFO} [com.revature.rkiesling.main.BankApp] - Connected to bank RDBMS
03-03-2021 11:45:48 {INFO} [com.revature.rkiesling.bankmodel.dao.UserDAO] - User amy: Login successful.
03-03-2021 11:57:00 {INFO} [com.revature.rkiesling.main.BankApp] - Connected to bank RDBMS
03-03-2021 11:57:00 {INFO} [com.revature.rkiesling.util.BankDBUtil] - Schema, "bank_app," not found - creating...
03-03-2021 11:57:00 {INFO} [com.revature.rkiesling.util.BankDBUtil] - Success.
03-03-2021 11:57:00 {INFO} [com.revature.rkiesling.util.BankDBUtil] - makeBankTables: removed old bank_app.users.
03-03-2021 11:57:00 {INFO} [com.revature.rkiesling.util.BankDBUtil] - makeBankTables: created bank_app.user table.
03-03-2021 11:57:00 {INFO} [com.revature.rkiesling.util.BankDBUtil] - makeBankTables: removed old bank_app.transactions.
03-03-2021 11:57:00 {INFO} [com.revature.rkiesling.util.BankDBUtil] - makeBankTables: created bank_app.transactions table.
03-03-2021 11:57:00 {INFO} [com.revature.rkiesling.util.BankDBUtil] - makeBankTables: removed old bank_app.balances.
03-03-2021 11:57:00 {INFO} [com.revature.rkiesling.util.BankDBUtil] - makeBankTables: created bank_app.balances table.
03-03-2021 11:57:01 {INFO} [com.revature.rkiesling.util.BankDBUtil] - Admin user created.
03-03-2021 11:57:01 {INFO} [com.revature.rkiesling.util.BankDBUtil] - Create admin user.
03-03-2021 11:57:06 {INFO} [com.revature.rkiesling.bankmodel.dao.UserDAO] - User admin: Login successful.
03-03-2021 11:57:08 {INFO} [com.revature.rkiesling.util.BankDBUtil] - Creating test user data...
03-03-2021 11:57:08 {INFO} [com.revature.rkiesling.util.BankDBUtil] -  - Adding test user marion.
03-03-2021 11:57:08 {INFO} [com.revature.rkiesling.util.BankDBUtil] -  - Adding test user declan.
03-03-2021 11:57:08 {INFO} [com.revature.rkiesling.util.BankDBUtil] -  - Adding test user amy.
03-03-2021 11:57:08 {INFO} [com.revature.rkiesling.util.BankDBUtil] -  - Adding test user anne.
03-03-2021 11:57:13 {INFO} [com.revature.rkiesling.main.BankApp] - Connected to bank RDBMS
03-03-2021 11:57:32 {INFO} [com.revature.rkiesling.bankmodel.dao.UserDAO] - User admin: Login successful.
03-03-2021 11:57:33 {INFO} [com.revature.rkiesling.util.BankDBUtil] - Creating test user data...
03-03-2021 11:57:33 {INFO} [com.revature.rkiesling.util.BankDBUtil] -  - Adding test user marion.
03-03-2021 11:57:33 {INFO} [com.revature.rkiesling.util.BankDBUtil] -  - Adding test user declan.
03-03-2021 11:57:33 {INFO} [com.revature.rkiesling.util.BankDBUtil] -  - Adding test user amy.
03-03-2021 11:57:33 {INFO} [com.revature.rkiesling.util.BankDBUtil] -  - Adding test user anne.
03-03-2021 11:58:15 {INFO} [com.revature.rkiesling.main.BankApp] - Connected to bank RDBMS
03-03-2021 11:58:15 {INFO} [com.revature.rkiesling.util.BankDBUtil] - Schema, "bank_app," not found - creating...
03-03-2021 11:58:15 {INFO} [com.revature.rkiesling.util.BankDBUtil] - Success.
03-03-2021 11:58:15 {INFO} [com.revature.rkiesling.util.BankDBUtil] - makeBankTables: removed old bank_app.users.
03-03-2021 11:58:16 {INFO} [com.revature.rkiesling.util.BankDBUtil] - makeBankTables: created bank_app.user table.
03-03-2021 11:58:16 {INFO} [com.revature.rkiesling.util.BankDBUtil] - makeBankTables: removed old bank_app.transactions.
03-03-2021 11:58:16 {INFO} [com.revature.rkiesling.util.BankDBUtil] - makeBankTables: created bank_app.transactions table.
03-03-2021 11:58:16 {INFO} [com.revature.rkiesling.util.BankDBUtil] - makeBankTables: removed old bank_app.balances.
03-03-2021 11:58:16 {INFO} [com.revature.rkiesling.util.BankDBUtil] - makeBankTables: created bank_app.balances table.
03-03-2021 11:58:16 {INFO} [com.revature.rkiesling.util.BankDBUtil] - Admin user created.
03-03-2021 11:58:16 {INFO} [com.revature.rkiesling.util.BankDBUtil] - Create admin user.
03-03-2021 11:58:20 {INFO} [com.revature.rkiesling.bankmodel.dao.UserDAO] - User admin: Login successful.
03-03-2021 11:58:21 {INFO} [com.revature.rkiesling.util.BankDBUtil] - Creating test user data...
03-03-2021 11:58:21 {INFO} [com.revature.rkiesling.util.BankDBUtil] -  - Adding test user marion.
03-03-2021 11:58:21 {INFO} [com.revature.rkiesling.util.BankDBUtil] -  - Adding test user declan.
03-03-2021 11:58:21 {INFO} [com.revature.rkiesling.util.BankDBUtil] -  - Adding test user amy.
03-03-2021 11:58:21 {INFO} [com.revature.rkiesling.util.BankDBUtil] -  - Adding test user anne.
03-03-2021 11:58:21 {INFO} [com.revature.rkiesling.util.BankDBUtil] - Success.
03-03-2021 11:58:51 {INFO} [com.revature.rkiesling.main.BankApp] - Connected to bank RDBMS
03-03-2021 11:58:58 {INFO} [com.revature.rkiesling.bankmodel.dao.UserDAO] - User anne: Login successful.
