 12  38 247 ./Lab12-Classes/src/ClassOne.java
 11  23 199 ./LoggingDemo/src/main/java/com/revature/java/Application.java
 16  42 285 ./CastingDataTypes/src/CastingDataTypes.java
 27 126 847 ./JUnitDemo/src/main/java/com/revature/service/MyService.java
  54  153 1014 ./JUnitDemo/src/main/java/com/revature/model/User.java
 21  58 518 ./JUnitDemo/src/main/java/com/revature/exceptions/LoginException.java
 101  345 2696 ./JUnitDemo/src/test/java/com/revature/service/MyServiceTest.java
 22  53 546 ./Lab-StaticInstance/src/Test.java
 29  62 469 ./Lab-StaticInstance/src/A.java
 33 105 625 ./Lab-ConditionalStatements/src/WaterSystem.java
 16  34 345 ./Lab-MultiArrays/src/MultiDimensionalArrays.java
  6  19 145 ./HelloWorldIDE/src/com/revature/main/HelloWorldIDE.java
 11  31 225 ./Lab-ConditionalBlocks/src/ConditionalBlocks.java
 19  57 396 ./Lab-MethodParameters/src/MethodParams.java
 20  67 494 ./Lab-Scanner/src/ExampleOne.java
  43  128 1129 ./CalculatorDemo/src/com/revature/Main.java
  35  193 1088 ./CalculatorDemo/src/com/revature/Calculator.java
  46  180 1238 ./CastingDemo/src/com/revature/demo/CastingDemo.java
 16  46 288 ./HelloWorld/src/HelloWorld.java
  57  149 1185 ./DataTypesDemo/src/com/revature/app/Driver.java
 22  49 374 ./Lab-Datatypes/src/VariableDeclaration.java
 18  51 398 ./Lab-Constructors/src/Constructors.java
 22  66 479 ./Lab-Overloading/src/OverloadedMethods.java
  9  26 191 ./Lab-Arrays/src/DisplayingArrays.java
  7  19 149 ./Lab-Arrays/src/ArrayLength.java
 16  41 326 ./Lab-AccessModifiers/src/packageOne/AccessModifiers.java
  6  18 137 ./Lab-AccessModifiers/src/packageOne/ProtectedClass.java
 5 10 62 ./Lab-AccessModifiers/src/packageOne/Person.java
  6  11 114 ./Lab-AccessModifiers/src/packageTwo/ProtectedSubClass.java
 12  30 187 ./Lab-While/src/ExampleOne.java
 30  86 809 ./src/main/java/com/revature/rkiesling/util/JDBCConnection.java
 282 1037 9708 ./src/main/java/com/revature/rkiesling/util/BankDBUtil.java
  39  111 1062 ./src/main/java/com/revature/rkiesling/bankmodel/UserTable.java
 19  49 320 ./src/main/java/com/revature/rkiesling/bankmodel/Post.java
  60  132 1561 ./src/main/java/com/revature/rkiesling/bankmodel/BankTasks.java
 22  65 645 ./src/main/java/com/revature/rkiesling/bankmodel/TransactionTable.java
 10  20 220 ./src/main/java/com/revature/rkiesling/bankmodel/exception/NewUserException.java
 11  20 241 ./src/main/java/com/revature/rkiesling/bankmodel/exception/UserAlreadyExistsException.java
 10  20 230 ./src/main/java/com/revature/rkiesling/bankmodel/exception/UserNotFoundException.java
 20  68 592 ./src/main/java/com/revature/rkiesling/bankmodel/BalanceTable.java
 22 120 789 ./src/main/java/com/revature/rkiesling/bankmodel/Postable.java
  77  240 1631 ./src/main/java/com/revature/rkiesling/bankmodel/User.java
 148  534 4638 ./src/main/java/com/revature/rkiesling/bankmodel/dao/UserDAO.java
  55  158 1940 ./src/main/java/com/revature/rkiesling/bankmodel/dao/PostDAO.java
  35  185 1277 ./src/main/java/com/revature/rkiesling/bankmodel/AuthLevel.java
  47   97 1131 ./src/main/java/com/revature/rkiesling/bankmodel/PostMenu.java
  9  42 279 ./src/main/java/com/revature/rkiesling/bankmodel/Auth.java
 18  50 337 ./src/main/java/com/revature/rkiesling/user/User.java
  72  236 2267 ./src/main/java/com/revature/rkiesling/main/BankApp.java
  86  267 2351 ./src/main/java/com/revature/rkiesling/ui/Login.java
 127  384 3594 ./src/main/java/com/revature/rkiesling/ui/LoginService.java
 19  51 392 ./src/main/java/com/revature/rkiesling/ui/ScreenUtil.java
  75  213 1479 ./src/main/java/com/revature/rkiesling/ui/Menu.java
  86  288 3612 ./src/main/java/com/revature/rkiesling/ui/NewAccountService.java
 5  8 63 ./src/test/java/LoginTest.java
 40  98 931 ./src/test/java/com/revature/rkiesling/bankmodel/dao/TestAddUserDAO.java
  70  136 1432 ./src/test/java/com/revature/rkiesling/ui/TestLoginService.java
  9  25 135 ./Lab-ForLoops/src/Loops.java
 14  34 256 ./Lab-Method/src/MethodDeclaration.java
  6  16 114 ./NameConsole/src/MyClass.java
 30  86 809 ./BankProject/src/main/java/com/revature/rkiesling/util/JDBCConnection.java
 282 1037 9708 ./BankProject/src/main/java/com/revature/rkiesling/util/BankDBUtil.java
  39  111 1062 ./BankProject/src/main/java/com/revature/rkiesling/bankmodel/UserTable.java
 19  49 320 ./BankProject/src/main/java/com/revature/rkiesling/bankmodel/Post.java
  60  132 1561 ./BankProject/src/main/java/com/revature/rkiesling/bankmodel/BankTasks.java
 22  65 645 ./BankProject/src/main/java/com/revature/rkiesling/bankmodel/TransactionTable.java
 10  20 220 ./BankProject/src/main/java/com/revature/rkiesling/bankmodel/exception/NewUserException.java
 11  20 241 ./BankProject/src/main/java/com/revature/rkiesling/bankmodel/exception/UserAlreadyExistsException.java
 10  20 230 ./BankProject/src/main/java/com/revature/rkiesling/bankmodel/exception/UserNotFoundException.java
 20  68 592 ./BankProject/src/main/java/com/revature/rkiesling/bankmodel/BalanceTable.java
 22 120 789 ./BankProject/src/main/java/com/revature/rkiesling/bankmodel/Postable.java
  84  263 1786 ./BankProject/src/main/java/com/revature/rkiesling/bankmodel/User.java
 148  534 4638 ./BankProject/src/main/java/com/revature/rkiesling/bankmodel/dao/UserDAO.java
  53  155 1903 ./BankProject/src/main/java/com/revature/rkiesling/bankmodel/dao/PostDAO.java
  35  185 1277 ./BankProject/src/main/java/com/revature/rkiesling/bankmodel/AuthLevel.java
  47   97 1131 ./BankProject/src/main/java/com/revature/rkiesling/bankmodel/PostMenu.java
  9  42 279 ./BankProject/src/main/java/com/revature/rkiesling/bankmodel/Auth.java
 18  50 337 ./BankProject/src/main/java/com/revature/rkiesling/user/User.java
  72  236 2267 ./BankProject/src/main/java/com/revature/rkiesling/main/BankApp.java
  86  267 2351 ./BankProject/src/main/java/com/revature/rkiesling/ui/Login.java
 127  384 3594 ./BankProject/src/main/java/com/revature/rkiesling/ui/LoginService.java
 19  51 392 ./BankProject/src/main/java/com/revature/rkiesling/ui/ScreenUtil.java
  75  213 1479 ./BankProject/src/main/java/com/revature/rkiesling/ui/Menu.java
  91  307 3874 ./BankProject/src/main/java/com/revature/rkiesling/ui/NewAccountService.java
 5  8 63 ./BankProject/src/test/java/LoginTest.java
 40  98 931 ./BankProject/src/test/java/com/revature/rkiesling/bankmodel/dao/TestAddUserDAO.java
  70  136 1432 ./BankProject/src/test/java/com/revature/rkiesling/ui/TestLoginService.java
 30  66 584 ./SimpleMethodDemo/src/com/revature/demo/Application.java
  7  17 133 ./SimpleMethodDemo/src/com/revature/demo/AnotherClass.java
 25  78 722 ./JDBCDemo1/src/main/java/com/revature/util/ConnectionUtil.java
 36 107 878 ./JDBCDemo1/src/main/java/com/revature/main/Application.java
 11  29 316 ./JDBCDemo1/src/main/java/com/revature/dao/UserDAO.java
  92  297 2654 ./JDBCDemo1/src/main/java/com/revature/dao/UserDAOImpl.java
  94  276 1910 ./JDBCDemo1/src/main/java/com/revature/model/User.java
 20  60 570 ./JDBCDemo1/src/main/java/com/revature/exceptions/UserNotFoundException.java
 19  51 565 ./JDBCDemo2/src/main/java/com/revature/util/ConnectionUtil.java
  43  115 1142 ./JDBCDemo2/src/main/java/com/revature/services/UserService.java
  41  115 1125 ./JDBCDemo2/src/main/java/com/revature/services/PostService.java
 16  34 335 ./JDBCDemo2/src/main/java/com/revature/main/Application.java
  53  164 1434 ./JDBCDemo2/src/main/java/com/revature/dao/PostDAOImpl.java
 12  21 230 ./JDBCDemo2/src/main/java/com/revature/dao/UserDAO.java
 29  80 745 ./JDBCDemo2/src/main/java/com/revature/dao/UserDAOImpl.java
 15  35 345 ./JDBCDemo2/src/main/java/com/revature/dao/PostDAO.java
  60  188 1137 ./JDBCDemo2/src/main/java/com/revature/model/Post.java
 105  317 2157 ./JDBCDemo2/src/main/java/com/revature/model/User.java
 25  50 564 ./JDBCDemo2/src/main/java/com/revature/exceptions/UserNotFoundException.java
 14  29 229 ./JDBCDemo2/src/main/java/com/revature/ui/UserMenu.java
  45  130 1046 ./JDBCDemo2/src/main/java/com/revature/ui/MainMenu.java
 11  24 184 ./JDBCDemo2/src/main/java/com/revature/ui/Menu.java
 41 112 880 ./JDBCDemo2/src/main/java/com/revature/ui/PostMenu.java
 23  54 379 ./Lab-MethodReturnType/src/ReturnTypes.java
 15  53 463 ./Lab-NestedLoops/src/ProductPrinter.java
 11  27 177 ./Lab-DoWhile/src/ExampleOne.java
